<?xml version="1.0" encoding="UTF-8"?>
<testsuite name="jobshop.encodings.EncodingTests" tests="2" skipped="0" failures="0" errors="0" timestamp="2020-05-19T21:39:13" hostname="nina-HP-Stream-Laptop-11-y0XX" time="0.121">
  <properties/>
  <testcase name="testBasicSolver" classname="jobshop.encodings.EncodingTests" time="0.067"/>
  <testcase name="testJobNumbers" classname="jobshop.encodings.EncodingTests" time="0.05"/>
  <system-out><![CDATA[Job n.0
Task n.0 starts at 0
Task n.1 starts at 3
Task n.2 starts at 6

Job n.1
Task n.0 starts at 0
Task n.1 starts at 3
Task n.2 starts at 8


Job n.0
Task n.0 starts at 0
Task n.1 starts at 3
Task n.2 starts at 6

Job n.1
Task n.0 starts at 6
Task n.1 starts at 8
Task n.2 starts at 10


]]></system-out>
  <system-err><![CDATA[]]></system-err>
</testsuite>
